  Game.cpp
C:\Users\Admin\source\repos\osu\osu\Game.cpp(144,53): warning C4244: 'argument': conversion from 'double' to 'T', possible loss of data
C:\Users\Admin\source\repos\osu\osu\Game.cpp(144,53): warning C4244:         with
C:\Users\Admin\source\repos\osu\osu\Game.cpp(144,53): warning C4244:         [
C:\Users\Admin\source\repos\osu\osu\Game.cpp(144,53): warning C4244:             T=float
C:\Users\Admin\source\repos\osu\osu\Game.cpp(144,53): warning C4244:         ]
C:\Users\Admin\source\repos\osu\osu\Game.cpp(144,33): warning C4244: 'argument': conversion from 'double' to 'T', possible loss of data
C:\Users\Admin\source\repos\osu\osu\Game.cpp(144,33): warning C4244:         with
C:\Users\Admin\source\repos\osu\osu\Game.cpp(144,33): warning C4244:         [
C:\Users\Admin\source\repos\osu\osu\Game.cpp(144,33): warning C4244:             T=float
C:\Users\Admin\source\repos\osu\osu\Game.cpp(144,33): warning C4244:         ]
C:\Users\Admin\source\repos\osu\osu\Game.cpp(148,15): warning C4244: 'initializing': conversion from 'double' to 'float', possible loss of data
  osu.cpp
  Generating Code...
  LINK : C:\Users\Admin\source\repos\osu\x64\Debug\osu.exe not found or not built by the last incremental link; performing full link
  osu.vcxproj -> C:\Users\Admin\source\repos\osu\x64\Debug\osu.exe
  C:\Users\Admin\source\repos\osu\libs\SFML\bin\sfml-audio-3.dll
  C:\Users\Admin\source\repos\osu\libs\SFML\bin\sfml-audio-d-3.dll
  C:\Users\Admin\source\repos\osu\libs\SFML\bin\sfml-graphics-3.dll
  C:\Users\Admin\source\repos\osu\libs\SFML\bin\sfml-graphics-d-3.dll
  C:\Users\Admin\source\repos\osu\libs\SFML\bin\sfml-network-3.dll
  C:\Users\Admin\source\repos\osu\libs\SFML\bin\sfml-network-d-3.dll
  C:\Users\Admin\source\repos\osu\libs\SFML\bin\sfml-system-3.dll
  C:\Users\Admin\source\repos\osu\libs\SFML\bin\sfml-system-d-3.dll
  C:\Users\Admin\source\repos\osu\libs\SFML\bin\sfml-window-3.dll
  C:\Users\Admin\source\repos\osu\libs\SFML\bin\sfml-window-d-3.dll
  ╤ъюяшЁютрэю Їрщыют: 10.
